<?xml version="1.0" encoding="UTF-8"?>
<testsuite xmlns:xsi="http://www.w3.org/2001/XMLSchema-instance" xsi:noNamespaceSchemaLocation="https://maven.apache.org/surefire/maven-surefire-plugin/xsd/surefire-test-report.xsd" name="TestSuite" time="52.198" tests="1" errors="0" skipped="0" failures="1">
  <properties>
[...]
</properties>
  <testcase name="feature" classname="runner.TestRunner" time="42.139">
    <failure message="org.openqa.selenium.NoSuchElementException: Unable to locate element: #userSelect&#10;For documentation on this error, please visit: http://seleniumhq.org/exceptions/no_such_element.html&#10;Build info: version: &apos;3.11.0&apos;, revision: &apos;e59cfb3&apos;, time: &apos;2018-03-11T20:26:55.152Z&apos;&#10;System info: host: &apos;PNVD039&apos;, ip: &apos;10.211.1.44&apos;, os.name: &apos;Windows 10&apos;, os.arch: &apos;amd64&apos;, os.version: &apos;10.0&apos;, java.version: &apos;1.8.0_231&apos;&#10;Driver info: org.openqa.selenium.firefox.FirefoxDriver&#10;Capabilities {acceptInsecureCerts: true, browserName: firefox, browserVersion: 71.0, javascriptEnabled: true, moz:accessibilityChecks: false, moz:buildID: 20191202093317, moz:geckodriverVersion: 0.26.0, moz:headless: false, moz:processID: 6472, moz:profile: C:\Windows\Temp\rust_mozpro..., moz:shutdownTimeout: 60000, moz:useNonSpecCompliantPointerOrigin: false, moz:webdriverClick: true, pageLoadStrategy: normal, platform: WINDOWS, platformName: WINDOWS, platformVersion: 10.0, rotatable: false, setWindowRect: true, strictFileInteractability: false, timeouts: {implicit: 0, pageLoad: 300000, script: 30000}, unhandledPromptBehavior: dismiss and notify}&#10;Session ID: df27ab22-1ea7-4c97-908f-4ea97ff06dca&#10;*** Element info: {Using=id, value=userSelect}" type="cucumber.runtime.CucumberException">cucumber.runtime.CucumberException: 
org.openqa.selenium.NoSuchElementException: Unable to locate element: #userSelect
For documentation on this error, please visit: http://seleniumhq.org/exceptions/no_such_element.html
Build info: version: '3.11.0', revision: 'e59cfb3', time: '2018-03-11T20:26:55.152Z'
System info: host: 'PNVD039', ip: '10.211.1.44', os.name: 'Windows 10', os.arch: 'amd64', os.version: '10.0', java.version: '1.8.0_231'
Driver info: org.openqa.selenium.firefox.FirefoxDriver
Capabilities {acceptInsecureCerts: true, browserName: firefox, browserVersion: 71.0, javascriptEnabled: true, moz:accessibilityChecks: false, moz:buildID: 20191202093317, moz:geckodriverVersion: 0.26.0, moz:headless: false, moz:processID: 6472, moz:profile: C:\Windows\Temp\rust_mozpro..., moz:shutdownTimeout: 60000, moz:useNonSpecCompliantPointerOrigin: false, moz:webdriverClick: true, pageLoadStrategy: normal, platform: WINDOWS, platformName: WINDOWS, platformVersion: 10.0, rotatable: false, setWindowRect: true, strictFileInteractability: false, timeouts: {implicit: 0, pageLoad: 300000, script: 30000}, unhandledPromptBehavior: dismiss and notify}
Session ID: df27ab22-1ea7-4c97-908f-4ea97ff06dca
*** Element info: {Using=id, value=userSelect}
	at runner.TestRunner.feature(TestRunner.java:60)
Caused by: org.openqa.selenium.NoSuchElementException: 
Unable to locate element: #userSelect
For documentation on this error, please visit: http://seleniumhq.org/exceptions/no_such_element.html
Build info: version: '3.11.0', revision: 'e59cfb3', time: '2018-03-11T20:26:55.152Z'
System info: host: 'PNVD039', ip: '10.211.1.44', os.name: 'Windows 10', os.arch: 'amd64', os.version: '10.0', java.version: '1.8.0_231'
Driver info: org.openqa.selenium.firefox.FirefoxDriver
Capabilities {acceptInsecureCerts: true, browserName: firefox, browserVersion: 71.0, javascriptEnabled: true, moz:accessibilityChecks: false, moz:buildID: 20191202093317, moz:geckodriverVersion: 0.26.0, moz:headless: false, moz:processID: 6472, moz:profile: C:\Windows\Temp\rust_mozpro..., moz:shutdownTimeout: 60000, moz:useNonSpecCompliantPointerOrigin: false, moz:webdriverClick: true, pageLoadStrategy: normal, platform: WINDOWS, platformName: WINDOWS, platformVersion: 10.0, rotatable: false, setWindowRect: true, strictFileInteractability: false, timeouts: {implicit: 0, pageLoad: 300000, script: 30000}, unhandledPromptBehavior: dismiss and notify}
Session ID: df27ab22-1ea7-4c97-908f-4ea97ff06dca
*** Element info: {Using=id, value=userSelect}
</failure>
    <system-out><![CDATA[# Created by nththuy at 1/3/20
Feature: Add Customer
  In order to store user information, I want to have the adding customer feature so that I can add customer easily

  Scenario Outline: Add Customer sucessfully                                                &amp#27;[90m# src/main/java/features/addCustomer.feature:8&amp#27;[0m
    &amp#27;[36mWhen &amp#27;[0m&amp#27;[36mI type first name as <firstname>, last name as <lastname>, post code as <postcode>&amp#27;[0m
    &amp#27;[36mAnd &amp#27;[0m&amp#27;[36mI click submit&amp#27;[0m
    &amp#27;[36mThen &amp#27;[0m&amp#27;[36mI verify that system is already added customer as <fullname> successfully&amp#27;[0m

    Examples: 

  Background:                                                                                       &amp#27;[90m# src/main/java/features/addCustomer.feature:5&amp#27;[0m
    &amp#27;[32mGiven &amp#27;[0m&amp#27;[32mOpen website &amp#27;[0m&amp#27;[32m&amp#27;[1mhttp://www.way2automation.com/angularjs-protractor/banking/#/manager/addCust&amp#27;[0m &amp#27;[90m# CommonTest.user_already_on_home_page(String)&amp#27;[0m

  Scenario Outline: Add Customer sucessfully                                        &amp#27;[90m# src/main/java/features/addCustomer.feature:14&amp#27;[0m
    &amp#27;[32mWhen &amp#27;[0m&amp#27;[32mI type first name as &amp#27;[0m&amp#27;[32m&amp#27;[1mthuy&amp#27;[0m&amp#27;[32m, last name as &amp#27;[0m&amp#27;[32m&amp#27;[1mnguyen&amp#27;[0m&amp#27;[32m, post code as &amp#27;[0m&amp#27;[32m&amp#27;[1m55000&amp#27;[0m         &amp#27;[90m# AddCustomerTest.inputUserInformation(String,String,String)&amp#27;[0m
    &amp#27;[32mAnd &amp#27;[0m&amp#27;[32mI click submit&amp#27;[0m                                                              &amp#27;[90m# AddCustomerTest.clickSubmit()&amp#27;[0m
    &amp#27;[31mThen &amp#27;[0m&amp#27;[31mI verify that system is already added customer as &amp#27;[0m&amp#27;[31m&amp#27;[1mthuy nguyen&amp#27;[0m&amp#27;[31m successfully&amp#27;[0m &amp#27;[90m# AddCustomerTest.verifyCustomerAddSuccessfully(String)&amp#27;[0m
      &amp#27;[31morg.openqa.selenium.NoSuchElementException: Unable to locate element: #userSelect
      For documentation on this error, please visit: http://seleniumhq.org/exceptions/no_such_element.html
      Build info: version: '3.11.0', revision: 'e59cfb3', time: '2018-03-11T20:26:55.152Z'
      System info: host: 'PNVD039', ip: '10.211.1.44', os.name: 'Windows 10', os.arch: 'amd64', os.version: '10.0', java.version: '1.8.0_231'
      Driver info: org.openqa.selenium.firefox.FirefoxDriver
      Capabilities {acceptInsecureCerts: true, browserName: firefox, browserVersion: 71.0, javascriptEnabled: true, moz:accessibilityChecks: false, moz:buildID: 20191202093317, moz:geckodriverVersion: 0.26.0, moz:headless: false, moz:processID: 6472, moz:profile: C:\Windows\Temp\rust_mozpro..., moz:shutdownTimeout: 60000, moz:useNonSpecCompliantPointerOrigin: false, moz:webdriverClick: true, pageLoadStrategy: normal, platform: WINDOWS, platformName: WINDOWS, platformVersion: 10.0, rotatable: false, setWindowRect: true, strictFileInteractability: false, timeouts: {implicit: 0, pageLoad: 300000, script: 30000}, unhandledPromptBehavior: dismiss and notify}
      Session ID: df27ab22-1ea7-4c97-908f-4ea97ff06dca
      *** Element info: {Using=id, value=userSelect}
      	at sun.reflect.NativeConstructorAccessorImpl.newInstance0(Native Method)
      	at sun.reflect.NativeConstructorAccessorImpl.newInstance(NativeConstructorAccessorImpl.java:62)
      	at sun.reflect.DelegatingConstructorAccessorImpl.newInstance(DelegatingConstructorAccessorImpl.java:45)
      	at java.lang.reflect.Constructor.newInstance(Constructor.java:423)
      	at org.openqa.selenium.remote.http.W3CHttpResponseCodec.createException(W3CHttpResponseCodec.java:187)
      	at org.openqa.selenium.remote.http.W3CHttpResponseCodec.decode(W3CHttpResponseCodec.java:122)
      	at org.openqa.selenium.remote.http.W3CHttpResponseCodec.decode(W3CHttpResponseCodec.java:49)
      	at org.openqa.selenium.remote.HttpCommandExecutor.execute(HttpCommandExecutor.java:158)
      	at org.openqa.selenium.remote.service.DriverCommandExecutor.execute(DriverCommandExecutor.java:83)
      	at org.openqa.selenium.remote.RemoteWebDriver.execute(RemoteWebDriver.java:545)
      	at org.openqa.selenium.remote.RemoteWebDriver.findElement(RemoteWebDriver.java:319)
      	at org.openqa.selenium.remote.RemoteWebDriver.findElementById(RemoteWebDriver.java:365)
      	at org.openqa.selenium.By$ById.findElement(By.java:218)
      	at org.openqa.selenium.remote.RemoteWebDriver.findElement(RemoteWebDriver.java:311)
      	at org.openqa.selenium.support.pagefactory.DefaultElementLocator.findElement(DefaultElementLocator.java:69)
      	at org.openqa.selenium.support.pagefactory.internal.LocatingElementHandler.invoke(LocatingElementHandler.java:38)
      	at com.sun.proxy.$Proxy19.findElements(Unknown Source)
      	at pages.OpenAccountPage.checkUserInformation(OpenAccountPage.java:37)
      	at tests.AddCustomerTest.verifyCustomerAddSuccessfully(AddCustomerTest.java:32)
      	at ?.Then I verify that system is already added customer as thuy nguyen successfully(src/main/java/features/addCustomer.feature:11)
      &amp#27;[0m

  Background:                                                                                       &amp#27;[90m# src/main/java/features/addCustomer.feature:5&amp#27;[0m
    &amp#27;[32mGiven &amp#27;[0m&amp#27;[32mOpen website &amp#27;[0m&amp#27;[32m&amp#27;[1mhttp://www.way2automation.com/angularjs-protractor/banking/#/manager/addCust&amp#27;[0m &amp#27;[90m# CommonTest.user_already_on_home_page(String)&amp#27;[0m

  Scenario Outline: Add Customer sucessfully                                     &amp#27;[90m# src/main/java/features/addCustomer.feature:15&amp#27;[0m
    &amp#27;[32mWhen &amp#27;[0m&amp#27;[32mI type first name as &amp#27;[0m&amp#27;[32m&amp#27;[1mhoa&amp#27;[0m&amp#27;[32m, last name as &amp#27;[0m&amp#27;[32m&amp#27;[1mhong&amp#27;[0m&amp#27;[32m, post code as &amp#27;[0m&amp#27;[32m&amp#27;[1m55000&amp#27;[0m         &amp#27;[90m# AddCustomerTest.inputUserInformation(String,String,String)&amp#27;[0m
    &amp#27;[32mAnd &amp#27;[0m&amp#27;[32mI click submit&amp#27;[0m                                                           &amp#27;[90m# AddCustomerTest.clickSubmit()&amp#27;[0m
    &amp#27;[32mThen &amp#27;[0m&amp#27;[32mI verify that system is already added customer as &amp#27;[0m&amp#27;[32m&amp#27;[1mhoa hong&amp#27;[0m&amp#27;[32m successfully&amp#27;[0m &amp#27;[90m# AddCustomerTest.verifyCustomerAddSuccessfully(String)&amp#27;[0m

  Scenario Outline: Add Customer unsucessfully                                              &amp#27;[90m# src/main/java/features/addCustomer.feature:17&amp#27;[0m
    &amp#27;[36mWhen &amp#27;[0m&amp#27;[36mI type first name as <firstname>, last name as <lastname>, post code as <postcode>&amp#27;[0m
    &amp#27;[36mAnd &amp#27;[0m&amp#27;[36mI click submit&amp#27;[0m
    &amp#27;[36mThen &amp#27;[0m&amp#27;[36mI verify that system is already added customer as <fullname> unsuccessfully&amp#27;[0m

    Examples: 

  Background:                                                                                       &amp#27;[90m# src/main/java/features/addCustomer.feature:5&amp#27;[0m
    &amp#27;[32mGiven &amp#27;[0m&amp#27;[32mOpen website &amp#27;[0m&amp#27;[32m&amp#27;[1mhttp://www.way2automation.com/angularjs-protractor/banking/#/manager/addCust&amp#27;[0m &amp#27;[90m# CommonTest.user_already_on_home_page(String)&amp#27;[0m

  Scenario Outline: Add Customer unsucessfully                                 &amp#27;[90m# src/main/java/features/addCustomer.feature:23&amp#27;[0m
    &amp#27;[32mWhen &amp#27;[0m&amp#27;[32mI type first name as &amp#27;[0m&amp#27;[32m&amp#27;[1mthuy&amp#27;[0m&amp#27;[32m, last name as &amp#27;[0m&amp#27;[32m&amp#27;[1mnull&amp#27;[0m&amp#27;[32m, post code as &amp#27;[0m&amp#27;[32m&amp#27;[1m55000&amp#27;[0m      &amp#27;[90m# AddCustomerTest.inputUserInformation(String,String,String)&amp#27;[0m
    &amp#27;[32mAnd &amp#27;[0m&amp#27;[32mI click submit&amp#27;[0m                                                         &amp#27;[90m# AddCustomerTest.clickSubmit()&amp#27;[0m
    &amp#27;[32mThen &amp#27;[0m&amp#27;[32mI verify that system is already added customer as &amp#27;[0m&amp#27;[32m&amp#27;[1mthuy&amp#27;[0m&amp#27;[32m unsuccessfully&amp#27;[0m &amp#27;[90m# AddCustomerTest.verifyCustomerAddUnSuccessfully(String)&amp#27;[0m

  Background:                                                                                       &amp#27;[90m# src/main/java/features/addCustomer.feature:5&amp#27;[0m
    &amp#27;[32mGiven &amp#27;[0m&amp#27;[32mOpen website &amp#27;[0m&amp#27;[32m&amp#27;[1mhttp://www.way2automation.com/angularjs-protractor/banking/#/manager/addCust&amp#27;[0m &amp#27;[90m# CommonTest.user_already_on_home_page(String)&amp#27;[0m

  Scenario Outline: Add Customer unsucessfully                                   &amp#27;[90m# src/main/java/features/addCustomer.feature:24&amp#27;[0m
    &amp#27;[32mWhen &amp#27;[0m&amp#27;[32mI type first name as &amp#27;[0m&amp#27;[32m&amp#27;[1mnull&amp#27;[0m&amp#27;[32m, last name as &amp#27;[0m&amp#27;[32m&amp#27;[1mnguyen&amp#27;[0m&amp#27;[32m, post code as &amp#27;[0m&amp#27;[32m&amp#27;[1m55000&amp#27;[0m      &amp#27;[90m# AddCustomerTest.inputUserInformation(String,String,String)&amp#27;[0m
    &amp#27;[32mAnd &amp#27;[0m&amp#27;[32mI click submit&amp#27;[0m                                                           &amp#27;[90m# AddCustomerTest.clickSubmit()&amp#27;[0m
    &amp#27;[32mThen &amp#27;[0m&amp#27;[32mI verify that system is already added customer as &amp#27;[0m&amp#27;[32m&amp#27;[1mnguyen&amp#27;[0m&amp#27;[32m unsuccessfully&amp#27;[0m &amp#27;[90m# AddCustomerTest.verifyCustomerAddUnSuccessfully(String)&amp#27;[0m
]]></system-out>
    <system-err><![CDATA[1578276478072	mozrunner::runner	INFO	Running command: "C:\\Program Files\\Mozilla Firefox\\firefox.exe" "-marionette" "-foreground" "-no-remote" "-profile" "C:\\Windows\\TEMP\\rust_mozprofile2MwOwE"
1578276479141	addons.webextension.screenshots@mozilla.org	WARN	Loading extension 'screenshots@mozilla.org': Reading manifest: Invalid extension permission: mozillaAddons
1578276479141	addons.webextension.screenshots@mozilla.org	WARN	Loading extension 'screenshots@mozilla.org': Reading manifest: Invalid extension permission: telemetry
1578276479142	addons.webextension.screenshots@mozilla.org	WARN	Loading extension 'screenshots@mozilla.org': Reading manifest: Invalid extension permission: resource://pdf.js/
1578276479142	addons.webextension.screenshots@mozilla.org	WARN	Loading extension 'screenshots@mozilla.org': Reading manifest: Invalid extension permission: about:reader*
JavaScript error: resource://gre/modules/XULStore.jsm, line 66: Error: Can't find profile directory.
1578276482531	Marionette	INFO	Listening on port 63921
1578276482912	Marionette	WARN	TLS certificate errors will be ignored for this session
Jan 06, 2020 9:08:02 AM org.openqa.selenium.remote.ProtocolHandshake createSession
INFO: Detected dialect: W3C
1578276493423	Marionette	WARN	TimedPromise timed out after 500 ms: stacktrace:
bail@chrome://marionette/content/sync.js:237:64
openRemotePrompt@resource://gre/modules/Prompter.jsm:619:17
openPrompt@resource://gre/modules/Prompter.jsm:663:25
alert@resource://gre/modules/Prompter.jsm:737:10
addCustomerCtrl/$scope.addCustomer@http://www.way2automation.com/angularjs-protractor/banking/addCustomerController.js:19:30
fn@https://ajax.googleapis.com/ajax/libs/angularjs/1.4.7/angular.min.js line 212 > Function:4:224
f@https://ajax.googleapis.com/ajax/libs/angularjs/1.4.7/angular.min.js:253:486
$eval@https://ajax.googleapis.com/ajax/libs/angularjs/1.4.7/angular.min.js:133:221
$apply@https://ajax.googleapis.com/ajax/libs/angularjs/1.4.7/angular.min.js:133:451
compile/</<@https://ajax.googleapis.com/ajax/libs/angularjs/1.4.7/angular.min.js:254:36
c@https://ajax.googleapis.com/ajax/libs/angularjs/1.4.7/angular.min.js:35:217
event.synthesizeMouseAtPoint@chrome://marionette/content/event.js:213:14
webdriverClickElement@chrome://marionette/content/interaction.js:183:11
1578276503181	Marionette	WARN	TimedPromise timed out after 500 ms: stacktrace:
bail@chrome://marionette/content/sync.js:237:64
openRemotePrompt@resource://gre/modules/Prompter.jsm:619:17
openPrompt@resource://gre/modules/Prompter.jsm:663:25
alert@resource://gre/modules/Prompter.jsm:737:10
addCustomerCtrl/$scope.addCustomer@http://www.way2automation.com/angularjs-protractor/banking/addCustomerController.js:19:30
fn@https://ajax.googleapis.com/ajax/libs/angularjs/1.4.7/angular.min.js line 212 > Function:4:224
f@https://ajax.googleapis.com/ajax/libs/angularjs/1.4.7/angular.min.js:253:486
$eval@https://ajax.googleapis.com/ajax/libs/angularjs/1.4.7/angular.min.js:133:221
$apply@https://ajax.googleapis.com/ajax/libs/angularjs/1.4.7/angular.min.js:133:451
compile/</<@https://ajax.googleapis.com/ajax/libs/angularjs/1.4.7/angular.min.js:254:36
c@https://ajax.googleapis.com/ajax/libs/angularjs/1.4.7/angular.min.js:35:217
event.synthesizeMouseAtPoint@chrome://marionette/content/event.js:213:14
webdriverClickElement@chrome://marionette/content/interaction.js:183:11
]]></system-err>
  </testcase>
</testsuite>